---
:timestamp: 2011-06-16 15:43:26.062073000 +03:00
:message: No such file or directory - /wiki/Greenland_Ruby
:backtrace: specify show_backtrace = true attr please
:gems: specify show_gem_list = true attr please
---
:timestamp: 2011-06-16 15:43:26.073074000 +03:00
:message: Assertion failed
:backtrace:
- D:/dbx/My Dropbox/Fak/_dis/_src/core/lib/preprocessor.rb:132:in `block (2 levels)
  in gen_page_quality'
:gems: specify show_gem_list = true attr please
---
:timestamp: 2011-06-16 15:43:26.095075000 +03:00
:message: No such file or directory - /wiki/Balas_ruby
:backtrace: specify show_backtrace = true attr please
:gems: specify show_gem_list = true attr please
---
:timestamp: 2011-06-16 15:43:26.102075000 +03:00
:message: No such file or directory - /wiki/Ruby_laser
:backtrace: specify show_backtrace = true attr please
:gems: specify show_gem_list = true attr please
---
:timestamp: 2011-06-16 15:43:26.103075000 +03:00
:message: Assertion failed
:backtrace:
- D:/dbx/My Dropbox/Fak/_dis/_src/core/lib/preprocessor.rb:132:in `block (2 levels)
  in gen_page_quality'
:gems: specify show_gem_list = true attr please
---
:timestamp: 2011-06-16 15:43:26.129077000 +03:00
:message: Assertion failed
:backtrace:
- D:/dbx/My Dropbox/Fak/_dis/_src/core/lib/preprocessor.rb:132:in `block (2 levels)
  in gen_page_quality'
:gems: specify show_gem_list = true attr please
---
:timestamp: 2011-06-16 15:43:26.587103000 +03:00
:message: No such file or directory - /wiki/Mod_ruby
:backtrace: specify show_backtrace = true attr please
:gems: specify show_gem_list = true attr please
---
:timestamp: 2011-06-16 15:43:26.588103000 +03:00
:message: Assertion failed
:backtrace:
- D:/dbx/My Dropbox/Fak/_dis/_src/core/lib/preprocessor.rb:132:in `block (2 levels)
  in gen_page_quality'
:gems: specify show_gem_list = true attr please
---
:timestamp: 2011-06-16 15:43:26.825117000 +03:00
:message: ! 'SSL_connect returned=1 errno=0 state=SSLv3 read server certificate B:
  certificate verify failed'
:backtrace: specify show_backtrace = true attr please
:gems: specify show_gem_list = true attr please
---
:timestamp: 2011-06-16 15:43:26.851118000 +03:00
:message: Assertion failed
:backtrace:
- D:/dbx/My Dropbox/Fak/_dis/_src/core/lib/preprocessor.rb:132:in `block (2 levels)
  in gen_page_quality'
:gems: specify show_gem_list = true attr please
---
:timestamp: 2011-06-16 15:43:27.148135000 +03:00
:message: No such file or directory - subiect/tag/ruby.html
:backtrace: specify show_backtrace = true attr please
:gems: specify show_gem_list = true attr please
---
:timestamp: 2011-06-16 15:43:27.149135000 +03:00
:message: Assertion failed
:backtrace:
- D:/dbx/My Dropbox/Fak/_dis/_src/core/lib/preprocessor.rb:132:in `block (2 levels)
  in gen_page_quality'
:gems: specify show_gem_list = true attr please
---
:timestamp: 2011-06-16 15:43:27.933180000 +03:00
:message: 500 Internal Server Error
:backtrace: specify show_backtrace = true attr please
:gems: specify show_gem_list = true attr please
---
:timestamp: 2011-06-16 15:43:27.935180000 +03:00
:message: Assertion failed
:backtrace:
- D:/dbx/My Dropbox/Fak/_dis/_src/core/lib/preprocessor.rb:132:in `block (2 levels)
  in gen_page_quality'
:gems: specify show_gem_list = true attr please
---
:timestamp: 2011-06-16 15:43:29.377263000 +03:00
:message: No such file or directory - arhiva/tag/ruby.html
:backtrace: specify show_backtrace = true attr please
:gems: specify show_gem_list = true attr please
---
:timestamp: 2011-06-16 15:43:29.379263000 +03:00
:message: Assertion failed
:backtrace:
- D:/dbx/My Dropbox/Fak/_dis/_src/core/lib/preprocessor.rb:132:in `block (2 levels)
  in gen_page_quality'
:gems: specify show_gem_list = true attr please
---
:timestamp: 2011-06-16 15:43:29.745284000 +03:00
:message: No such file or directory - ../mailto:ruby-core@ruby-lang.org
:backtrace: specify show_backtrace = true attr please
:gems: specify show_gem_list = true attr please
---
:timestamp: 2011-06-16 15:43:29.748284000 +03:00
:message: Assertion failed
:backtrace:
- D:/dbx/My Dropbox/Fak/_dis/_src/core/lib/preprocessor.rb:132:in `block (2 levels)
  in gen_page_quality'
:gems: specify show_gem_list = true attr please
---
:timestamp: 2011-06-16 15:43:29.770285000 +03:00
:message: No such file or directory - /en/news/2011/02/22/planned-maintenance-of-redmine-ruby-lang-org/
:backtrace: specify show_backtrace = true attr please
:gems: specify show_gem_list = true attr please
---
:timestamp: 2011-06-16 15:43:29.771285000 +03:00
:message: Assertion failed
:backtrace:
- D:/dbx/My Dropbox/Fak/_dis/_src/core/lib/preprocessor.rb:132:in `block (2 levels)
  in gen_page_quality'
:gems: specify show_gem_list = true attr please
---
:timestamp: 2011-06-16 15:43:31.477383000 +03:00
:message: No such file or directory - /en/news/2011/02/22/planned-maintenance-of-redmine-ruby-lang-org/
:backtrace: specify show_backtrace = true attr please
:gems: specify show_gem_list = true attr please
---
:timestamp: 2011-06-16 15:43:31.482383000 +03:00
:message: Assertion failed
:backtrace:
- D:/dbx/My Dropbox/Fak/_dis/_src/core/lib/preprocessor.rb:132:in `block (2 levels)
  in gen_page_quality'
:gems: specify show_gem_list = true attr please
---
:timestamp: 2011-06-16 15:43:31.484383000 +03:00
:message: No such file or directory - ../mailto:ruby-core@ruby-lang.org
:backtrace: specify show_backtrace = true attr please
:gems: specify show_gem_list = true attr please
---
:timestamp: 2011-06-16 15:43:31.487383000 +03:00
:message: Assertion failed
:backtrace:
- D:/dbx/My Dropbox/Fak/_dis/_src/core/lib/preprocessor.rb:132:in `block (2 levels)
  in gen_page_quality'
:gems: specify show_gem_list = true attr please
---
:timestamp: 2011-06-16 15:43:32.828460000 +03:00
:message: No such file or directory - /categories/25/ruby-boutique.aspx
:backtrace: specify show_backtrace = true attr please
:gems: specify show_gem_list = true attr please
---
:timestamp: 2011-06-16 15:43:32.830460000 +03:00
:message: Assertion failed
:backtrace:
- D:/dbx/My Dropbox/Fak/_dis/_src/core/lib/preprocessor.rb:132:in `block (2 levels)
  in gen_page_quality'
:gems: specify show_gem_list = true attr please
---
:timestamp: 2011-06-16 15:43:32.838461000 +03:00
:message: No such file or directory - /categories/25/ruby-boutique.aspx
:backtrace: specify show_backtrace = true attr please
:gems: specify show_gem_list = true attr please
---
:timestamp: 2011-06-16 15:43:32.839461000 +03:00
:message: Assertion failed
:backtrace:
- D:/dbx/My Dropbox/Fak/_dis/_src/core/lib/preprocessor.rb:132:in `block (2 levels)
  in gen_page_quality'
:gems: specify show_gem_list = true attr please
---
:timestamp: 2011-06-16 15:43:32.852462000 +03:00
:message: No such file or directory - /categories/25/ruby-boutique.aspx
:backtrace: specify show_backtrace = true attr please
:gems: specify show_gem_list = true attr please
---
:timestamp: 2011-06-16 15:43:32.857462000 +03:00
:message: Assertion failed
:backtrace:
- D:/dbx/My Dropbox/Fak/_dis/_src/core/lib/preprocessor.rb:132:in `block (2 levels)
  in gen_page_quality'
:gems: specify show_gem_list = true attr please
---
:timestamp: 2011-06-16 15:43:32.863462000 +03:00
:message: No such file or directory - /categories/25/ruby-boutique.aspx
:backtrace: specify show_backtrace = true attr please
:gems: specify show_gem_list = true attr please
---
:timestamp: 2011-06-16 15:43:32.865462000 +03:00
:message: Assertion failed
:backtrace:
- D:/dbx/My Dropbox/Fak/_dis/_src/core/lib/preprocessor.rb:132:in `block (2 levels)
  in gen_page_quality'
:gems: specify show_gem_list = true attr please
---
:timestamp: 2011-06-16 15:43:32.873463000 +03:00
:message: No such file or directory - /categories/25/ruby-boutique.aspx
:backtrace: specify show_backtrace = true attr please
:gems: specify show_gem_list = true attr please
---
:timestamp: 2011-06-16 15:43:32.877463000 +03:00
:message: Assertion failed
:backtrace:
- D:/dbx/My Dropbox/Fak/_dis/_src/core/lib/preprocessor.rb:132:in `block (2 levels)
  in gen_page_quality'
:gems: specify show_gem_list = true attr please
---
:timestamp: 2011-06-16 15:43:35.463611000 +03:00
:message: No such file or directory - /wiki/Mod_ruby
:backtrace: specify show_backtrace = true attr please
:gems: specify show_gem_list = true attr please
---
:timestamp: 2011-06-16 15:43:35.464611000 +03:00
:message: Assertion failed
:backtrace:
- D:/dbx/My Dropbox/Fak/_dis/_src/core/lib/preprocessor.rb:132:in `block (2 levels)
  in gen_page_quality'
:gems: specify show_gem_list = true attr please
---
:timestamp: 2011-06-16 15:43:35.605619000 +03:00
:message: ! 'SSL_connect returned=1 errno=0 state=SSLv3 read server certificate B:
  certificate verify failed'
:backtrace: specify show_backtrace = true attr please
:gems: specify show_gem_list = true attr please
---
:timestamp: 2011-06-16 15:43:35.607619000 +03:00
:message: Assertion failed
:backtrace:
- D:/dbx/My Dropbox/Fak/_dis/_src/core/lib/preprocessor.rb:132:in `block (2 levels)
  in gen_page_quality'
:gems: specify show_gem_list = true attr please
---
:timestamp: 2011-06-16 15:43:35.678623000 +03:00
:message: No such file or directory - /frs/download.php/74299/ruby-1.9.2-p180-i386-mingw32.7z
:backtrace: specify show_backtrace = true attr please
:gems: specify show_gem_list = true attr please
---
:timestamp: 2011-06-16 15:43:35.681623000 +03:00
:message: Assertion failed
:backtrace:
- D:/dbx/My Dropbox/Fak/_dis/_src/core/lib/preprocessor.rb:132:in `block (2 levels)
  in gen_page_quality'
:gems: specify show_gem_list = true attr please
---
:timestamp: 2011-06-16 15:43:35.691624000 +03:00
:message: No such file or directory - /frs/download.php/74297/ruby-1.8.7-p334-doc-chm.7z
:backtrace: specify show_backtrace = true attr please
:gems: specify show_gem_list = true attr please
---
:timestamp: 2011-06-16 15:43:35.695624000 +03:00
:message: Assertion failed
:backtrace:
- D:/dbx/My Dropbox/Fak/_dis/_src/core/lib/preprocessor.rb:132:in `block (2 levels)
  in gen_page_quality'
:gems: specify show_gem_list = true attr please
---
:timestamp: 2011-06-16 15:43:35.705625000 +03:00
:message: No such file or directory - /frs/download.php/74293/rubyinstaller-1.8.7-p334.exe
:backtrace: specify show_backtrace = true attr please
:gems: specify show_gem_list = true attr please
---
:timestamp: 2011-06-16 15:43:35.711625000 +03:00
:message: Assertion failed
:backtrace:
- D:/dbx/My Dropbox/Fak/_dis/_src/core/lib/preprocessor.rb:132:in `block (2 levels)
  in gen_page_quality'
:gems: specify show_gem_list = true attr please
---
:timestamp: 2011-06-16 15:43:35.721626000 +03:00
:message: No such file or directory - /frs/download.php/73723/ruby-1.9.2-p136-i386-mingw32.7z
:backtrace: specify show_backtrace = true attr please
:gems: specify show_gem_list = true attr please
---
:timestamp: 2011-06-16 15:43:35.724626000 +03:00
:message: Assertion failed
:backtrace:
- D:/dbx/My Dropbox/Fak/_dis/_src/core/lib/preprocessor.rb:132:in `block (2 levels)
  in gen_page_quality'
:gems: specify show_gem_list = true attr please
---
:timestamp: 2011-06-16 15:43:35.731626000 +03:00
:message: No such file or directory - /frs/download.php/74300/ruby-1.9.2-p180-doc-chm.7z
:backtrace: specify show_backtrace = true attr please
:gems: specify show_gem_list = true attr please
---
:timestamp: 2011-06-16 15:43:35.732626000 +03:00
:message: Assertion failed
:backtrace:
- D:/dbx/My Dropbox/Fak/_dis/_src/core/lib/preprocessor.rb:132:in `block (2 levels)
  in gen_page_quality'
:gems: specify show_gem_list = true attr please
---
:timestamp: 2011-06-16 15:43:35.740627000 +03:00
:message: No such file or directory - /frs/download.php/74298/rubyinstaller-1.9.2-p180.exe
:backtrace: specify show_backtrace = true attr please
:gems: specify show_gem_list = true attr please
---
:timestamp: 2011-06-16 15:43:35.743627000 +03:00
:message: Assertion failed
:backtrace:
- D:/dbx/My Dropbox/Fak/_dis/_src/core/lib/preprocessor.rb:132:in `block (2 levels)
  in gen_page_quality'
:gems: specify show_gem_list = true attr please
---
:timestamp: 2011-06-16 15:43:35.763628000 +03:00
:message: 500 Internal Server Error
:backtrace: specify show_backtrace = true attr please
:gems: specify show_gem_list = true attr please
---
:timestamp: 2011-06-16 15:43:35.765628000 +03:00
:message: Assertion failed
:backtrace:
- D:/dbx/My Dropbox/Fak/_dis/_src/core/lib/preprocessor.rb:132:in `block (2 levels)
  in gen_page_quality'
:gems: specify show_gem_list = true attr please
---
:timestamp: 2011-06-16 15:43:35.804630000 +03:00
:message: No such file or directory - /frs/download.php/72160/ruby-1.9.2-p0-i386-mingw32.7z
:backtrace: specify show_backtrace = true attr please
:gems: specify show_gem_list = true attr please
---
:timestamp: 2011-06-16 15:43:35.806631000 +03:00
:message: Assertion failed
:backtrace:
- D:/dbx/My Dropbox/Fak/_dis/_src/core/lib/preprocessor.rb:132:in `block (2 levels)
  in gen_page_quality'
:gems: specify show_gem_list = true attr please
---
:timestamp: 2011-06-16 15:43:35.844633000 +03:00
:message: No such file or directory - /frs/download.php/72088/ruby-1.8.7-p302-doc-chm.7z
:backtrace: specify show_backtrace = true attr please
:gems: specify show_gem_list = true attr please
---
:timestamp: 2011-06-16 15:43:35.847633000 +03:00
:message: No such file or directory - /frs/download.php/72085/rubyinstaller-1.8.7-p302.exe
:backtrace: specify show_backtrace = true attr please
:gems: specify show_gem_list = true attr please
---
:timestamp: 2011-06-16 15:43:35.848633000 +03:00
:message: Assertion failed
:backtrace:
- D:/dbx/My Dropbox/Fak/_dis/_src/core/lib/preprocessor.rb:132:in `block (2 levels)
  in gen_page_quality'
:gems: specify show_gem_list = true attr please
---
:timestamp: 2011-06-16 15:43:35.872634000 +03:00
:message: Assertion failed
:backtrace:
- D:/dbx/My Dropbox/Fak/_dis/_src/core/lib/preprocessor.rb:132:in `block (2 levels)
  in gen_page_quality'
:gems: specify show_gem_list = true attr please
---
:timestamp: 2011-06-16 15:43:35.874634000 +03:00
:message: No such file or directory - /frs/download.php/73722/rubyinstaller-1.9.2-p136.exe
:backtrace: specify show_backtrace = true attr please
:gems: specify show_gem_list = true attr please
---
:timestamp: 2011-06-16 15:43:35.876635000 +03:00
:message: Assertion failed
:backtrace:
- D:/dbx/My Dropbox/Fak/_dis/_src/core/lib/preprocessor.rb:132:in `block (2 levels)
  in gen_page_quality'
:gems: specify show_gem_list = true attr please
---
:timestamp: 2011-06-16 15:43:35.871634000 +03:00
:message: No such file or directory - /frs/download.php/73721/ruby-1.8.7-p330-doc-chm.7z
:backtrace: specify show_backtrace = true attr please
:gems: specify show_gem_list = true attr please
---
:timestamp: 2011-06-16 15:43:35.893635000 +03:00
:message: Assertion failed
:backtrace:
- D:/dbx/My Dropbox/Fak/_dis/_src/core/lib/preprocessor.rb:132:in `block (2 levels)
  in gen_page_quality'
:gems: specify show_gem_list = true attr please
---
:timestamp: 2011-06-16 15:43:35.906636000 +03:00
:message: No such file or directory - /frs/download.php/73720/ruby-1.8.7-p330-i386-mingw32.7z
:backtrace: specify show_backtrace = true attr please
:gems: specify show_gem_list = true attr please
---
:timestamp: 2011-06-16 15:43:35.912637000 +03:00
:message: Assertion failed
:backtrace:
- D:/dbx/My Dropbox/Fak/_dis/_src/core/lib/preprocessor.rb:132:in `block (2 levels)
  in gen_page_quality'
:gems: specify show_gem_list = true attr please
---
:timestamp: 2011-06-16 15:43:35.921637000 +03:00
:message: No such file or directory - /frs/download.php/72161/ruby-1.9.2-p0-doc-chm.7z
:backtrace: specify show_backtrace = true attr please
:gems: specify show_gem_list = true attr please
---
:timestamp: 2011-06-16 15:43:35.958639000 +03:00
:message: Assertion failed
:backtrace:
- D:/dbx/My Dropbox/Fak/_dis/_src/core/lib/preprocessor.rb:132:in `block (2 levels)
  in gen_page_quality'
:gems: specify show_gem_list = true attr please
---
:timestamp: 2011-06-16 15:43:35.962639000 +03:00
:message: No such file or directory - /frs/download.php/72087/ruby-1.8.7-p302-i386-mingw32.7z
:backtrace: specify show_backtrace = true attr please
:gems: specify show_gem_list = true attr please
---
:timestamp: 2011-06-16 15:43:35.966640000 +03:00
:message: Assertion failed
:backtrace:
- D:/dbx/My Dropbox/Fak/_dis/_src/core/lib/preprocessor.rb:132:in `block (2 levels)
  in gen_page_quality'
:gems: specify show_gem_list = true attr please
---
:timestamp: 2011-06-16 15:43:35.970640000 +03:00
:message: No such file or directory - /frs/download.php/72170/rubyinstaller-1.9.2-p0.exe
:backtrace: specify show_backtrace = true attr please
:gems: specify show_gem_list = true attr please
---
:timestamp: 2011-06-16 15:43:35.971640000 +03:00
:message: Assertion failed
:backtrace:
- D:/dbx/My Dropbox/Fak/_dis/_src/core/lib/preprocessor.rb:132:in `block (2 levels)
  in gen_page_quality'
:gems: specify show_gem_list = true attr please
---
:timestamp: 2011-06-16 15:43:35.988641000 +03:00
:message: No such file or directory - /frs/download.php/72077/ruby-1.9.1-p430-doc-chm.7z
:backtrace: specify show_backtrace = true attr please
:gems: specify show_gem_list = true attr please
---
:timestamp: 2011-06-16 15:43:36.001642000 +03:00
:message: No such file or directory - /frs/download.php/73719/rubyinstaller-1.8.7-p330.exe
:backtrace: specify show_backtrace = true attr please
:gems: specify show_gem_list = true attr please
e
---
:timestamp: 2011-06-16 15:43:36.021643000 +03:00
:message: No such file or directory - /frs/download.php/73724/ruby-1.9.2-p136-doc-chm.7z
:backtrace: specify show_backtrace = true attr please
:gems: specify show_gem_list = true attr please
---
:timestamp: 2011-06-16 15:43:36.027643000 +03:00
:message: Assertion failed
:backtrace:
- D:/dbx/My Dropbox/Fak/_dis/_src/core/lib/preprocessor.rb:132:in `block (2 levels)
  in gen_page_quality'
:gems: specify show_gem_list = true attr please
---
:timestamp: 2011-06-16 15:43:36.009642000 +03:00
:message: Assertion failed
:backtrace:
- D:/dbx/My Dropbox/Fak/_dis/_src/core/lib/preprocessor.rb:132:in `block (2 levels)
  in gen_page_quality'
:gems: specify show_gem_list = true attr please
---
:timestamp: 2011-06-16 15:43:36.066645000 +03:00
:message: No such file or directory - /frs/download.php/74296/ruby-1.8.7-p334-i386-mingw32.7z
:backtrace: specify show_backtrace = true attr please
:gems: specify show_gem_list = true attr please
---
:timestamp: 2011-06-16 15:43:36.070646000 +03:00
:message: Assertion failed
:backtrace:
- D:/dbx/My Dropbox/Fak/_dis/_src/core/lib/preprocessor.rb:132:in `block (2 levels)
  in gen_page_quality'
:gems: specify show_gem_list = true attr please
---
:timestamp: 2011-06-16 15:43:36.076646000 +03:00
:message: No such file or directory - /frs/download.php/72075/rubyinstaller-1.9.1-p430.exe
:backtrace: specify show_backtrace = true attr please
:gems: specify show_gem_list = true attr please
---
:timestamp: 2011-06-16 15:43:36.083646000 +03:00
:message: Assertion failed
:backtrace:
- D:/dbx/My Dropbox/Fak/_dis/_src/core/lib/preprocessor.rb:132:in `block (2 levels)
  in gen_page_quality'
:gems: specify show_gem_list = true attr please
---
:timestamp: 2011-06-16 15:43:36.113648000 +03:00
:message: No such file or directory - /frs/download.php/71496/ruby-1.9.1-p429-i386-mingw32.7z
:backtrace: specify show_backtrace = true attr please
:gems: specify show_gem_list = true attr please
---
:timestamp: 2011-06-16 15:43:36.130649000 +03:00
:message: Assertion failed
:backtrace:
- D:/dbx/My Dropbox/Fak/_dis/_src/core/lib/preprocessor.rb:132:in `block (2 levels)
  in gen_page_quality'
:gems: specify show_gem_list = true attr please
---
:timestamp: 2011-06-16 15:43:36.145650000 +03:00
:message: No such file or directory - /frs/download.php/72076/ruby-1.9.1-p430-i386-mingw32.7z
:backtrace: specify show_backtrace = true attr please
:gems: specify show_gem_list = true attr please
---
:timestamp: 2011-06-16 15:43:36.149650000 +03:00
:message: Assertion failed
:backtrace:
- D:/dbx/My Dropbox/Fak/_dis/_src/core/lib/preprocessor.rb:132:in `block (2 levels)
  in gen_page_quality'
:gems: specify show_gem_list = true attr please
---
:timestamp: 2011-06-16 15:43:36.145650000 +03:00
:message: No such file or directory - /frs/download.php/71498/ruby-1.9.2-rc1-i386-mingw32.7z
:backtrace: specify show_backtrace = true attr please
:gems: specify show_gem_list = true attr please
---
:timestamp: 2011-06-16 15:43:36.171651000 +03:00
:message: Assertion failed
:backtrace:
- D:/dbx/My Dropbox/Fak/_dis/_src/core/lib/preprocessor.rb:132:in `block (2 levels)
  in gen_page_quality'
:gems: specify show_gem_list = true attr please
---
:timestamp: 2011-06-16 15:43:36.175652000 +03:00
:message: No such file or directory - /frs/download.php/71495/rubyinstaller-1.9.1-p429.exe
:backtrace: specify show_backtrace = true attr please
:gems: specify show_gem_list = true attr please
---
:timestamp: 2011-06-16 15:43:36.179652000 +03:00
:message: No such file or directory - /frs/download.php/71497/ruby-1.9.1-p429-doc-chm.7z
:backtrace: specify show_backtrace = true attr please
:gems: specify show_gem_list = true attr please
---
:timestamp: 2011-06-16 15:43:36.181652000 +03:00
:message: Assertion failed
:backtrace:
- D:/dbx/My Dropbox/Fak/_dis/_src/core/lib/preprocessor.rb:132:in `block (2 levels)
  in gen_page_quality'
:gems: specify show_gem_list = true attr please
---
:timestamp: 2011-06-16 15:43:36.258656000 +03:00
:message: Assertion failed
:backtrace:
- D:/dbx/My Dropbox/Fak/_dis/_src/core/lib/preprocessor.rb:132:in `block (2 levels)
  in gen_page_quality'
:gems: specify show_gem_list = true attr please
---
:timestamp: 2011-06-16 15:43:36.310659000 +03:00
:message: No such file or directory - /frs/download.php/71175/ruby-1.9.2dev-preview3-i386-mingw32-1.7z
:backtrace: specify show_backtrace = true attr please
:gems: specify show_gem_list = true attr please
---
:timestamp: 2011-06-16 15:43:36.318660000 +03:00
:message: Assertion failed
:backtrace:
- D:/dbx/My Dropbox/Fak/_dis/_src/core/lib/preprocessor.rb:132:in `block (2 levels)
  in gen_page_quality'
:gems: specify show_gem_list = true attr please
---
:timestamp: 2011-06-16 15:43:44.654137000 +03:00
:message: No such file or directory - Planned maintenance of redmine.ruby-lang.org
:backtrace: specify show_backtrace = true attr please
:gems: specify show_gem_list = true attr please
---
:timestamp: 2011-06-16 15:43:44.664137000 +03:00
:message: No such file or directory - ruby-core
:backtrace: specify show_backtrace = true attr please
:gems: specify show_gem_list = true attr please
---
:timestamp: 2011-06-16 15:43:46.461240000 +03:00
:message: No such file or directory - /cautare-taguri/ruby-24074.html
:backtrace: specify show_backtrace = true attr please
:gems: specify show_gem_list = true attr please
---
:timestamp: 2011-06-16 15:43:46.463240000 +03:00
:message: Assertion failed
:backtrace:
- D:/dbx/My Dropbox/Fak/_dis/_src/core/lib/preprocessor.rb:132:in `block (2 levels)
  in gen_page_quality'
:gems: specify show_gem_list = true attr please
---
:timestamp: 2011-06-16 15:43:47.611306000 +03:00
:message: ! 'redirection forbidden: http://wiki.jruby.org/IRC -> https://github.com/jruby/jruby/wiki/IRC'
:backtrace: specify show_backtrace = true attr please
:gems: specify show_gem_list = true attr please
---
:timestamp: 2011-06-16 15:43:47.613306000 +03:00
:message: Assertion failed
:backtrace:
- D:/dbx/My Dropbox/Fak/_dis/_src/core/lib/preprocessor.rb:132:in `block (2 levels)
  in gen_page_quality'
:gems: specify show_gem_list = true attr please
---
:timestamp: 2011-06-16 15:43:49.722426000 +03:00
:message: ! 'No such file or directory - #44'
:backtrace: specify show_backtrace = true attr please
:gems: specify show_gem_list = true attr please
---
:timestamp: 2011-06-16 15:43:49.729427000 +03:00
:message: Assertion failed
:backtrace:
- D:/dbx/My Dropbox/Fak/_dis/_src/core/lib/preprocessor.rb:132:in `block (2 levels)
  in gen_page_quality'
:gems: specify show_gem_list = true attr please
---
:timestamp: 2011-06-16 15:43:49.732427000 +03:00
:message: can't convert nil into String
:backtrace: specify show_backtrace = true attr please
:gems: specify show_gem_list = true attr please
---
:timestamp: 2011-06-16 15:43:49.734427000 +03:00
:message: Assertion failed
:backtrace:
- D:/dbx/My Dropbox/Fak/_dis/_src/core/lib/preprocessor.rb:132:in `block (2 levels)
  in gen_page_quality'
:gems: specify show_gem_list = true attr please
---
:timestamp: 2011-06-16 15:43:49.739427000 +03:00
:message: ! 'No such file or directory - #49'
:backtrace: specify show_backtrace = true attr please
:gems: specify show_gem_list = true attr please
---
:timestamp: 2011-06-16 15:43:49.740427000 +03:00
:message: Assertion failed
:backtrace:
- D:/dbx/My Dropbox/Fak/_dis/_src/core/lib/preprocessor.rb:132:in `block (2 levels)
  in gen_page_quality'
:gems: specify show_gem_list = true attr please
---
:timestamp: 2011-06-16 15:43:49.768429000 +03:00
:message: can't convert nil into String
:backtrace: specify show_backtrace = true attr please
:gems: specify show_gem_list = true attr please
---
:timestamp: 2011-06-16 15:43:49.770429000 +03:00
:message: Assertion failed
:backtrace:
- D:/dbx/My Dropbox/Fak/_dis/_src/core/lib/preprocessor.rb:132:in `block (2 levels)
  in gen_page_quality'
:gems: specify show_gem_list = true attr please
---
:timestamp: 2011-06-16 15:43:54.889722000 +03:00
:message: No such file or directory - cosmetice ruby rose in produse
:backtrace: specify show_backtrace = true attr please
:gems: specify show_gem_list = true attr please
---
:timestamp: 2011-06-16 15:43:54.904723000 +03:00
:message: No such file or directory -  ▪ cosmetice ruby rose-rujuri
:backtrace: specify show_backtrace = true attr please
:gems: specify show_gem_list = true attr please
---
:timestamp: 2011-06-16 15:43:54.917724000 +03:00
:message: No such file or directory -  ▪ cosmetice ruby rose ceara
:backtrace: specify show_backtrace = true attr please
:gems: specify show_gem_list = true attr please
---
:timestamp: 2011-06-16 15:43:54.924724000 +03:00
:message: No such file or directory -  ▪  ruby rose
:backtrace: specify show_backtrace = true attr please
:gems: specify show_gem_list = true attr please
---
:timestamp: 2011-06-16 15:43:54.932724000 +03:00
:message: No such file or directory -  ▪ ruby rose
:backtrace: specify show_backtrace = true attr please
:gems: specify show_gem_list = true attr please
---
:timestamp: 2011-06-16 15:43:56.918838000 +03:00
:message: No such file or directory - ruby-oci8
:backtrace: specify show_backtrace = true attr please
:gems: specify show_gem_list = true attr please
---
:timestamp: 2011-06-16 15:45:32.973332000 +03:00
:message: No such file or directory - mailto:info@ruby.ro
:backtrace: specify show_backtrace = true attr please
:gems: specify show_gem_list = true attr please
---
:timestamp: 2011-06-16 15:45:32.988333000 +03:00
:message: Assertion failed
:backtrace:
- D:/dbx/My Dropbox/Fak/_dis/_src/core/lib/preprocessor.rb:108:in `block (2 levels)
  in gen_page_quality'
:gems: specify show_gem_list = true attr please
---
:timestamp: 2011-06-16 15:45:33.501362000 +03:00
:message: No such file or directory - /wiki/Balas_ruby
:backtrace: specify show_backtrace = true attr please
:gems: specify show_gem_list = true attr please
---
:timestamp: 2011-06-16 15:45:33.503362000 +03:00
:message: Assertion failed
:backtrace:
- D:/dbx/My Dropbox/Fak/_dis/_src/core/lib/preprocessor.rb:108:in `block (2 levels)
  in gen_page_quality'
:gems: specify show_gem_list = true attr please
---
:timestamp: 2011-06-16 15:45:33.509363000 +03:00
:message: No such file or directory - /wiki/Greenland_Ruby
:backtrace: specify show_backtrace = true attr please
:gems: specify show_gem_list = true attr please
---
:timestamp: 2011-06-16 15:45:33.549365000 +03:00
:message: No such file or directory - /wiki/Ruby_laser
:backtrace: specify show_backtrace = true attr please
:gems: specify show_gem_list = true attr please
---
:timestamp: 2011-06-16 15:45:33.563366000 +03:00
:message: Assertion failed
:backtrace:
- D:/dbx/My Dropbox/Fak/_dis/_src/core/lib/preprocessor.rb:108:in `block (2 levels)
  in gen_page_quality'
:gems: specify show_gem_list = true attr please
---
:timestamp: 2011-06-16 15:45:33.583367000 +03:00
:message: Assertion failed
:backtrace:
- D:/dbx/My Dropbox/Fak/_dis/_src/core/lib/preprocessor.rb:108:in `block (2 levels)
  in gen_page_quality'
:gems: specify show_gem_list = true attr please
---
:timestamp: 2011-06-16 15:45:34.044393000 +03:00
:message: No such file or directory - /wiki/Mod_ruby
:backtrace: specify show_backtrace = true attr please
:gems: specify show_gem_list = true attr please
---
:timestamp: 2011-06-16 15:45:34.046393000 +03:00
:message: Assertion failed
:backtrace:
- D:/dbx/My Dropbox/Fak/_dis/_src/core/lib/preprocessor.rb:108:in `block (2 levels)
  in gen_page_quality'
:gems: specify show_gem_list = true attr please
---
:timestamp: 2011-06-16 15:45:34.214403000 +03:00
:message: ! 'SSL_connect returned=1 errno=0 state=SSLv3 read server certificate B:
  certificate verify failed'
:backtrace: specify show_backtrace = true attr please
:gems: specify show_gem_list = true attr please
---
:timestamp: 2011-06-16 15:45:34.215403000 +03:00
:message: Assertion failed
:backtrace:
- D:/dbx/My Dropbox/Fak/_dis/_src/core/lib/preprocessor.rb:108:in `block (2 levels)
  in gen_page_quality'
:gems: specify show_gem_list = true attr please
---
:timestamp: 2011-06-16 15:45:34.334410000 +03:00
:message: 500 Internal Server Error
:backtrace: specify show_backtrace = true attr please
:gems: specify show_gem_list = true attr please
---
:timestamp: 2011-06-16 15:45:34.336410000 +03:00
:message: Assertion failed
:backtrace:
- D:/dbx/My Dropbox/Fak/_dis/_src/core/lib/preprocessor.rb:108:in `block (2 levels)
  in gen_page_quality'
:gems: specify show_gem_list = true attr please
---
:timestamp: 2011-06-16 15:45:36.609540000 +03:00
:message: No such file or directory - ../mailto:ruby-core@ruby-lang.org
:backtrace: specify show_backtrace = true attr please
:gems: specify show_gem_list = true attr please
---
:timestamp: 2011-06-16 15:45:36.618541000 +03:00
:message: Assertion failed
:backtrace:
- D:/dbx/My Dropbox/Fak/_dis/_src/core/lib/preprocessor.rb:108:in `block (2 levels)
  in gen_page_quality'
:gems: specify show_gem_list = true attr please
---
:timestamp: 2011-06-16 15:45:36.635542000 +03:00
:message: No such file or directory - /en/news/2011/02/22/planned-maintenance-of-redmine-ruby-lang-org/
:backtrace: specify show_backtrace = true attr please
:gems: specify show_gem_list = true attr please
---
:timestamp: 2011-06-16 15:45:36.638542000 +03:00
:message: Assertion failed
:backtrace:
- D:/dbx/My Dropbox/Fak/_dis/_src/core/lib/preprocessor.rb:108:in `block (2 levels)
  in gen_page_quality'
:gems: specify show_gem_list = true attr please
---
:timestamp: 2011-06-16 15:45:38.405643000 +03:00
:message: No such file or directory - /en/news/2011/02/22/planned-maintenance-of-redmine-ruby-lang-org/
:backtrace: specify show_backtrace = true attr please
:gems: specify show_gem_list = true attr please
---
:timestamp: 2011-06-16 15:45:38.406643000 +03:00
:message: No such file or directory - ../mailto:ruby-core@ruby-lang.org
:backtrace: specify show_backtrace = true attr please
:gems: specify show_gem_list = true attr please
---
:timestamp: 2011-06-16 15:45:38.411643000 +03:00
:message: Assertion failed
:backtrace:
- D:/dbx/My Dropbox/Fak/_dis/_src/core/lib/preprocessor.rb:108:in `block (2 levels)
  in gen_page_quality'
:gems: specify show_gem_list = true attr please
---
:timestamp: 2011-06-16 15:45:38.418644000 +03:00
:message: Assertion failed
:backtrace:
- D:/dbx/My Dropbox/Fak/_dis/_src/core/lib/preprocessor.rb:108:in `block (2 levels)
  in gen_page_quality'
:gems: specify show_gem_list = true attr please
---
:timestamp: 2011-06-16 15:45:40.062738000 +03:00
:message: No such file or directory - /categories/25/ruby-boutique.aspx
:backtrace: specify show_backtrace = true attr please
:gems: specify show_gem_list = true attr please
---
:timestamp: 2011-06-16 15:45:40.064738000 +03:00
:message: Assertion failed
:backtrace:
- D:/dbx/My Dropbox/Fak/_dis/_src/core/lib/preprocessor.rb:108:in `block (2 levels)
  in gen_page_quality'
:gems: specify show_gem_list = true attr please
---
:timestamp: 2011-06-16 15:45:40.066738000 +03:00
:message: No such file or directory - /categories/25/ruby-boutique.aspx
:backtrace: specify show_backtrace = true attr please
:gems: specify show_gem_list = true attr please
---
:timestamp: 2011-06-16 15:45:40.068738000 +03:00
:message: Assertion failed
:backtrace:
- D:/dbx/My Dropbox/Fak/_dis/_src/core/lib/preprocessor.rb:108:in `block (2 levels)
  in gen_page_quality'
:gems: specify show_gem_list = true attr please
---
:timestamp: 2011-06-16 15:45:40.070738000 +03:00
:message: No such file or directory - /categories/25/ruby-boutique.aspx
:backtrace: specify show_backtrace = true attr please
:gems: specify show_gem_list = true attr please
---
:timestamp: 2011-06-16 15:45:40.072738000 +03:00
:message: Assertion failed
:backtrace:
- D:/dbx/My Dropbox/Fak/_dis/_src/core/lib/preprocessor.rb:108:in `block (2 levels)
  in gen_page_quality'
:gems: specify show_gem_list = true attr please
---
:timestamp: 2011-06-16 15:45:40.079739000 +03:00
:message: No such file or directory - /categories/25/ruby-boutique.aspx
:backtrace: specify show_backtrace = true attr please
:gems: specify show_gem_list = true attr please
---
:timestamp: 2011-06-16 15:45:40.082739000 +03:00
:message: Assertion failed
:backtrace:
- D:/dbx/My Dropbox/Fak/_dis/_src/core/lib/preprocessor.rb:108:in `block (2 levels)
  in gen_page_quality'
:gems: specify show_gem_list = true attr please
---
:timestamp: 2011-06-16 15:45:40.085739000 +03:00
:message: No such file or directory - /categories/25/ruby-boutique.aspx
:backtrace: specify show_backtrace = true attr please
:gems: specify show_gem_list = true attr please
---
:timestamp: 2011-06-16 15:45:40.087739000 +03:00
:message: Assertion failed
:backtrace:
- D:/dbx/My Dropbox/Fak/_dis/_src/core/lib/preprocessor.rb:108:in `block (2 levels)
  in gen_page_quality'
:gems: specify show_gem_list = true attr please
---
:timestamp: 2011-06-16 15:45:42.686888000 +03:00
:message: No such file or directory - /wiki/Mod_ruby
:backtrace: specify show_backtrace = true attr please
:gems: specify show_gem_list = true attr please
---
:timestamp: 2011-06-16 15:45:42.698888000 +03:00
:message: Assertion failed
:backtrace:
- D:/dbx/My Dropbox/Fak/_dis/_src/core/lib/preprocessor.rb:108:in `block (2 levels)
  in gen_page_quality'
:gems: specify show_gem_list = true attr please
---
:timestamp: 2011-06-16 15:45:42.814895000 +03:00
:message: ! 'SSL_connect returned=1 errno=0 state=SSLv3 read server certificate B:
  certificate verify failed'
:backtrace: specify show_backtrace = true attr please
:gems: specify show_gem_list = true attr please
---
:timestamp: 2011-06-16 15:45:42.823895000 +03:00
:message: Assertion failed
:backtrace:
- D:/dbx/My Dropbox/Fak/_dis/_src/core/lib/preprocessor.rb:108:in `block (2 levels)
  in gen_page_quality'
:gems: specify show_gem_list = true attr please
---
:timestamp: 2011-06-16 15:45:43.046908000 +03:00
:message: 500 Internal Server Error
:backtrace: specify show_backtrace = true attr please
:gems: specify show_gem_list = true attr please
---
:timestamp: 2011-06-16 15:45:43.055909000 +03:00
:message: Assertion failed
:backtrace:
- D:/dbx/My Dropbox/Fak/_dis/_src/core/lib/preprocessor.rb:108:in `block (2 levels)
  in gen_page_quality'
:gems: specify show_gem_list = true attr please
---
:timestamp: 2011-06-16 15:45:49.310266000 +03:00
:message: No such file or directory - ruby-core
:backtrace: specify show_backtrace = true attr please
:gems: specify show_gem_list = true attr please
---
:timestamp: 2011-06-16 15:45:49.316267000 +03:00
:message: No such file or directory - Planned maintenance of redmine.ruby-lang.org
:backtrace: specify show_backtrace = true attr please
:gems: specify show_gem_list = true attr please
---
:timestamp: 2011-06-16 15:45:52.331439000 +03:00
:message: No such file or directory - Planned maintenance of redmine.ruby-lang.org
:backtrace: specify show_backtrace = true attr please
:gems: specify show_gem_list = true attr please
---
:timestamp: 2011-06-16 15:45:52.337440000 +03:00
:message: No such file or directory - ruby-core
:backtrace: specify show_backtrace = true attr please
:gems: specify show_gem_list = true attr please
---
:timestamp: 2011-06-16 15:45:54.551566000 +03:00
:message: No such file or directory - /cautare-taguri/ruby-24074.html
:backtrace: specify show_backtrace = true attr please
:gems: specify show_gem_list = true attr please
---
:timestamp: 2011-06-16 15:45:54.552566000 +03:00
:message: Assertion failed
:backtrace:
- D:/dbx/My Dropbox/Fak/_dis/_src/core/lib/preprocessor.rb:108:in `block (2 levels)
  in gen_page_quality'
:gems: specify show_gem_list = true attr please
---
:timestamp: 2011-06-16 15:45:55.382614000 +03:00
:message: ! 'redirection forbidden: http://wiki.jruby.org/IRC -> https://github.com/jruby/jruby/wiki/IRC'
:backtrace: specify show_backtrace = true attr please
:gems: specify show_gem_list = true attr please
---
:timestamp: 2011-06-16 15:45:55.393614000 +03:00
:message: Assertion failed
:backtrace:
- D:/dbx/My Dropbox/Fak/_dis/_src/core/lib/preprocessor.rb:108:in `block (2 levels)
  in gen_page_quality'
:gems: specify show_gem_list = true attr please
---
:timestamp: 2011-06-16 15:45:55.754635000 +03:00
:message: ! 'SSL_connect returned=1 errno=0 state=SSLv3 read server certificate B:
  certificate verify failed'
:backtrace: specify show_backtrace = true attr please
:gems: specify show_gem_list = true attr please
---
:timestamp: 2011-06-16 15:45:55.758635000 +03:00
:message: Assertion failed
:backtrace:
- D:/dbx/My Dropbox/Fak/_dis/_src/core/lib/preprocessor.rb:108:in `block (2 levels)
  in gen_page_quality'
:gems: specify show_gem_list = true attr please
---
:timestamp: 2011-06-16 15:45:57.463733000 +03:00
:message: can't convert nil into String
:backtrace: specify show_backtrace = true attr please
:gems: specify show_gem_list = true attr please
---
:timestamp: 2011-06-16 15:45:57.469733000 +03:00
:message: can't convert nil into String
:backtrace: specify show_backtrace = true attr please
:gems: specify show_gem_list = true attr please
---
:timestamp: 2011-06-16 15:45:57.470733000 +03:00
:message: Assertion failed
:backtrace:
- D:/dbx/My Dropbox/Fak/_dis/_src/core/lib/preprocessor.rb:108:in `block (2 levels)
  in gen_page_quality'
:gems: specify show_gem_list = true attr please
---
:timestamp: 2011-06-16 15:45:57.474733000 +03:00
:message: Assertion failed
:backtrace:
- D:/dbx/My Dropbox/Fak/_dis/_src/core/lib/preprocessor.rb:108:in `block (2 levels)
  in gen_page_quality'
:gems: specify show_gem_list = true attr please
---
:timestamp: 2011-06-16 15:45:57.477734000 +03:00
:message: ! 'No such file or directory - #49'
:backtrace: specify show_backtrace = true attr please
:gems: specify show_gem_list = true attr please
---
:timestamp: 2011-06-16 15:45:57.477734000 +03:00
:message: Assertion failed
:backtrace:
- D:/dbx/My Dropbox/Fak/_dis/_src/core/lib/preprocessor.rb:108:in `block (2 levels)
  in gen_page_quality'
:gems: specify show_gem_list = true attr please
---
:timestamp: 2011-06-16 15:45:57.479734000 +03:00
:message: ! 'No such file or directory - #44'
:backtrace: specify show_backtrace = true attr please
:gems: specify show_gem_list = true attr please
---
:timestamp: 2011-06-16 15:45:57.480734000 +03:00
:message: Assertion failed
:backtrace:
- D:/dbx/My Dropbox/Fak/_dis/_src/core/lib/preprocessor.rb:108:in `block (2 levels)
  in gen_page_quality'
:gems: specify show_gem_list = true attr please
---
:timestamp: 2011-06-16 15:46:02.976048000 +03:00
:message: No such file or directory - Balas ruby
:backtrace: specify show_backtrace = true attr please
:gems: specify show_gem_list = true attr please
---
:timestamp: 2011-06-16 15:46:02.979048000 +03:00
:message: No such file or directory - Timur ruby
:backtrace: specify show_backtrace = true attr please
:gems: specify show_gem_list = true attr please
---
:timestamp: 2011-06-16 15:46:02.991049000 +03:00
:message: No such file or directory - ruby
:backtrace: specify show_backtrace = true attr please
:gems: specify show_gem_list = true attr please
---
:timestamp: 2011-06-16 15:46:03.268065000 +03:00
:message: No such file or directory - rubygems.org
:backtrace: specify show_backtrace = true attr please
:gems: specify show_gem_list = true attr please
---
:timestamp: 2011-06-16 15:46:03.270065000 +03:00
:message: No such file or directory - [Hotkeys] A macruby gem to bind global hotkeys!
:backtrace: specify show_backtrace = true attr please
:gems: specify show_gem_list = true attr please
---
:timestamp: 2011-06-16 15:46:03.272065000 +03:00
:message: No such file or directory - rubygems.org
:backtrace: specify show_backtrace = true attr please
:gems: specify show_gem_list = true attr please
---
:timestamp: 2011-06-16 15:46:03.274065000 +03:00
:message: No such file or directory - ruby
:backtrace: specify show_backtrace = true attr please
:gems: specify show_gem_list = true attr please
---
:timestamp: 2011-06-16 15:46:03.276065000 +03:00
:message: No such file or directory - rubygems.org
:backtrace: specify show_backtrace = true attr please
:gems: specify show_gem_list = true attr please
---
:timestamp: 2011-06-16 15:46:03.278065000 +03:00
:message: No such file or directory - ruby
:backtrace: specify show_backtrace = true attr please
:gems: specify show_gem_list = true attr please
---
:timestamp: 2011-06-16 15:46:03.292066000 +03:00
:message: No such file or directory - guides.rubygems.org
:backtrace: specify show_backtrace = true attr please
:gems: specify show_gem_list = true attr please
---
:timestamp: 2011-06-16 15:46:03.294066000 +03:00
:message: No such file or directory - ruby
:backtrace: specify show_backtrace = true attr please
:gems: specify show_gem_list = true attr please
---
:timestamp: 2011-06-16 15:46:03.296066000 +03:00
:message: No such file or directory - rubygems.org
:backtrace: specify show_backtrace = true attr please
:gems: specify show_gem_list = true attr please
---
:timestamp: 2011-06-16 15:46:03.297066000 +03:00
:message: No such file or directory - rubygems.org
:backtrace: specify show_backtrace = true attr please
:gems: specify show_gem_list = true attr please
---
:timestamp: 2011-06-16 15:46:03.301067000 +03:00
:message: No such file or directory - ruby
:backtrace: specify show_backtrace = true attr please
:gems: specify show_gem_list = true attr please
---
:timestamp: 2011-06-16 15:46:03.302067000 +03:00
:message: No such file or directory - A gem for interacting with VirusTotal.com from
  ruby
:backtrace: specify show_backtrace = true attr please
:gems: specify show_gem_list = true attr please
---
:timestamp: 2011-06-16 15:46:03.304067000 +03:00
:message: No such file or directory - rubygems.org
:backtrace: specify show_backtrace = true attr please
:gems: specify show_gem_list = true attr please
---
:timestamp: 2011-06-16 15:46:03.305067000 +03:00
:message: No such file or directory - A rubygem for parsing Nessus XML and generating
  reports
:backtrace: specify show_backtrace = true attr please
:gems: specify show_gem_list = true attr please
---
:timestamp: 2011-06-16 15:46:03.307067000 +03:00
:message: No such file or directory - rubygems.org
:backtrace: specify show_backtrace = true attr please
:gems: specify show_gem_list = true attr please
---
:timestamp: 2011-06-16 15:46:03.309067000 +03:00
:message: No such file or directory - rubygems.org
:backtrace: specify show_backtrace = true attr please
:gems: specify show_gem_list = true attr please
---
:timestamp: 2011-06-16 15:46:03.314067000 +03:00
:message: No such file or directory - ruby
:backtrace: specify show_backtrace = true attr please
:gems: specify show_gem_list = true attr please
---
:timestamp: 2011-06-16 15:46:03.319068000 +03:00
:message: No such file or directory - rubygems.org
:backtrace: specify show_backtrace = true attr please
:gems: specify show_gem_list = true attr please
---
:timestamp: 2011-06-16 15:46:03.323068000 +03:00
:message: No such file or directory - ruby
:backtrace: specify show_backtrace = true attr please
:gems: specify show_gem_list = true attr please
---
:timestamp: 2011-06-16 15:46:03.325068000 +03:00
:message: No such file or directory - rubygems.org
:backtrace: specify show_backtrace = true attr please
:gems: specify show_gem_list = true attr please
---
:timestamp: 2011-06-16 15:46:03.330068000 +03:00
:message: No such file or directory - ruby
:backtrace: specify show_backtrace = true attr please
:gems: specify show_gem_list = true attr please
---
:timestamp: 2011-06-16 15:46:03.331068000 +03:00
:message: No such file or directory - rubygems.org
:backtrace: specify show_backtrace = true attr please
:gems: specify show_gem_list = true attr please
---
:timestamp: 2011-06-16 15:46:03.334069000 +03:00
:message: No such file or directory - rubygems.org
:backtrace: specify show_backtrace = true attr please
:gems: specify show_gem_list = true attr please
---
:timestamp: 2011-06-16 15:46:03.337069000 +03:00
:message: No such file or directory - Hello redditdev, I made a ruby wrapper for the
  reddit API
:backtrace: specify show_backtrace = true attr please
:gems: specify show_gem_list = true attr please
---
:timestamp: 2011-06-16 15:46:03.342069000 +03:00
:message: No such file or directory - rubygems.org
:backtrace: specify show_backtrace = true attr please
:gems: specify show_gem_list = true attr please
---
:timestamp: 2011-06-16 15:46:03.345069000 +03:00
:message: No such file or directory - rubygems.org
:backtrace: specify show_backtrace = true attr please
:gems: specify show_gem_list = true attr please
---
:timestamp: 2011-06-16 15:46:03.347069000 +03:00
:message: No such file or directory - ruby
:backtrace: specify show_backtrace = true attr please
:gems: specify show_gem_list = true attr please
---
:timestamp: 2011-06-16 15:46:03.348069000 +03:00
:message: No such file or directory - rubygems.org
:backtrace: specify show_backtrace = true attr please
:gems: specify show_gem_list = true attr please
---
:timestamp: 2011-06-16 15:46:03.350070000 +03:00
:message: No such file or directory - ruby
:backtrace: specify show_backtrace = true attr please
:gems: specify show_gem_list = true attr please
---
:timestamp: 2011-06-16 15:46:03.352070000 +03:00
:message: No such file or directory - rubygems.org
:backtrace: specify show_backtrace = true attr please
:gems: specify show_gem_list = true attr please
---
:timestamp: 2011-06-16 15:46:03.354070000 +03:00
:message: No such file or directory - ruby
:backtrace: specify show_backtrace = true attr please
:gems: specify show_gem_list = true attr please
---
:timestamp: 2011-06-16 15:46:03.356070000 +03:00
:message: No such file or directory - rubygems.org
:backtrace: specify show_backtrace = true attr please
:gems: specify show_gem_list = true attr please
